[00:01:00] [Server thread/WARN] [net.minecraft.world.WorldServer]: Keeping entity moremobss:goat that already exists with UUID 837bce8b-de78-47fc-b46c-86752f936b0a
[00:02:36] [Server thread/WARN] [net.minecraft.world.WorldServer]: Keeping entity moremobss:goat that already exists with UUID 837bce8b-de78-47fc-b46c-86752f936b0a
[00:02:56] [Server thread/WARN] [net.minecraft.world.WorldServer]: Keeping entity moremobss:goat that already exists with UUID 837bce8b-de78-47fc-b46c-86752f936b0a
[00:04:39] [Server thread/INFO] [net.minecraft.server.dedicated.DedicatedServer]: Air_Darkblack has made the advancement [Wizard's Apprentice]
[00:04:39] [Server thread/INFO] [ebwizardry]: Synchronising advancements for Air_Darkblack
[00:04:51] [Server thread/INFO] [net.minecraft.server.dedicated.DedicatedServer]: Air_Darkblack was killed by Torikororu using magic
[00:04:52] [Server thread/INFO] [ebwizardry]: Sending global donation perk settings to Air_Darkblack
[00:06:19] [Server thread/WARN] [net.minecraft.world.WorldServer]: Keeping entity moremobss:goat that already exists with UUID 837bce8b-de78-47fc-b46c-86752f936b0a
[00:06:40] [Server thread/INFO] [net.minecraft.server.dedicated.DedicatedServer]: Air_Darkblack was killed by Torikororu using magic
[00:06:41] [Server thread/INFO] [ebwizardry]: Sending global donation perk settings to Air_Darkblack
[00:07:13] [Server thread/INFO] [net.minecraft.server.dedicated.DedicatedServer]: Air_Darkblack was killed by Torikororu using magic
[00:07:14] [Server thread/INFO] [ebwizardry]: Sending global donation perk settings to Air_Darkblack
[00:07:33] [Server thread/INFO] [net.minecraft.server.dedicated.DedicatedServer]: Torikororu was killed by Air_Darkblack using magic
[00:07:34] [Server thread/INFO] [ebwizardry]: Sending global donation perk settings to Torikororu
[00:07:34] [Server thread/WARN] [net.minecraft.world.WorldServer]: Keeping entity moremobss:goat that already exists with UUID 837bce8b-de78-47fc-b46c-86752f936b0a
[00:07:41] [Server thread/INFO] [net.minecraft.server.dedicated.DedicatedServer]: Air_Darkblack was killed by Torikororu using magic
[00:07:42] [Server thread/INFO] [ebwizardry]: Sending global donation perk settings to Air_Darkblack
[00:07:58] [Server thread/INFO] [net.minecraft.server.dedicated.DedicatedServer]: Torikororu fell from a high place
[00:08:00] [Server thread/INFO] [ebwizardry]: Sending global donation perk settings to Torikororu
[00:08:05] [Server thread/INFO] [net.minecraft.server.dedicated.DedicatedServer]: Torikororu was killed by Air_Darkblack using magic
[00:08:07] [Server thread/INFO] [ebwizardry]: Sending global donation perk settings to Torikororu
[00:08:07] [Server thread/WARN] [net.minecraft.world.WorldServer]: Keeping entity moremobss:goat that already exists with UUID 837bce8b-de78-47fc-b46c-86752f936b0a
[00:08:42] [Server thread/INFO] [net.minecraft.server.dedicated.DedicatedServer]: Torikororu was killed by Air_Darkblack using magic
[00:08:43] [Server thread/INFO] [ebwizardry]: Sending global donation perk settings to Torikororu
[00:10:54] [Server thread/WARN] [net.minecraft.world.WorldServer]: Keeping entity moremobss:goat that already exists with UUID 837bce8b-de78-47fc-b46c-86752f936b0a
[00:11:17] [Server thread/INFO] [net.minecraft.server.dedicated.DedicatedServer]: Torikororu was killed by Air_Darkblack using magic
[00:11:20] [Server thread/INFO] [ebwizardry]: Sending global donation perk settings to Torikororu
[00:11:41] [Server thread/WARN] [net.minecraft.world.WorldServer]: Keeping entity moremobss:goat that already exists with UUID 837bce8b-de78-47fc-b46c-86752f936b0a
[00:11:48] [Server thread/WARN] [net.minecraft.world.WorldServer]: Keeping entity moremobss:goat that already exists with UUID 837bce8b-de78-47fc-b46c-86752f936b0a
[00:12:04] [Server thread/INFO] [net.minecraft.server.dedicated.DedicatedServer]: Torikororu fell from a high place
[00:12:06] [Server thread/INFO] [ebwizardry]: Sending global donation perk settings to Torikororu
[00:12:11] [Server thread/INFO] [net.minecraft.server.dedicated.DedicatedServer]: Air_Darkblack was killed by Torikororu using magic
[00:12:12] [Server thread/INFO] [ebwizardry]: Sending global donation perk settings to Air_Darkblack
[00:12:30] [Server thread/INFO] [net.minecraft.server.dedicated.DedicatedServer]: Torikororu fell from a high place
[00:12:31] [Server thread/INFO] [ebwizardry]: Sending global donation perk settings to Torikororu
[00:12:46] [Server thread/INFO] [net.minecraft.server.dedicated.DedicatedServer]: Air_Darkblack was killed by Torikororu using magic
[00:12:48] [Server thread/INFO] [ebwizardry]: Sending global donation perk settings to Air_Darkblack
[00:13:06] [Server thread/INFO] [net.minecraft.server.dedicated.DedicatedServer]: Torikororu fell from a high place
[00:13:08] [Server thread/INFO] [ebwizardry]: Sending global donation perk settings to Torikororu
[00:14:06] [Server thread/INFO] [net.minecraft.server.dedicated.DedicatedServer]: Air_Darkblack was slain by Torikororu
[00:14:07] [Server thread/INFO] [ebwizardry]: Sending global donation perk settings to Air_Darkblack
[00:14:08] [Server thread/WARN] [net.minecraft.world.WorldServer]: Keeping entity moremobss:goat that already exists with UUID 837bce8b-de78-47fc-b46c-86752f936b0a
[00:14:19] [Server thread/INFO] [net.minecraft.server.dedicated.DedicatedServer]: Torikororu fell from a high place
[00:14:21] [Server thread/INFO] [ebwizardry]: Sending global donation perk settings to Torikororu
[00:14:44] [Server thread/INFO] [net.minecraft.server.dedicated.DedicatedServer]: Torikororu was killed by Air_Darkblack using magic
[00:14:45] [Server thread/INFO] [ebwizardry]: Sending global donation perk settings to Torikororu
[00:14:52] [Server thread/INFO] [net.minecraft.server.dedicated.DedicatedServer]: Air_Darkblack was killed by Torikororu using magic
[00:14:53] [Server thread/INFO] [ebwizardry]: Sending global donation perk settings to Air_Darkblack
[00:15:06] [Server thread/INFO] [net.minecraft.server.dedicated.DedicatedServer]: Torikororu was killed by Air_Darkblack using magic
[00:15:08] [Server thread/INFO] [ebwizardry]: Sending global donation perk settings to Torikororu
[00:15:54] [Server thread/WARN] [net.minecraft.world.WorldServer]: Keeping entity moremobss:goat that already exists with UUID 837bce8b-de78-47fc-b46c-86752f936b0a
[00:16:14] [Server thread/INFO] [net.minecraft.server.dedicated.DedicatedServer]: Air_Darkblack fell from a high place
[00:16:15] [Server thread/INFO] [ebwizardry]: Sending global donation perk settings to Air_Darkblack
[00:16:22] [Server thread/WARN] [net.minecraft.world.WorldServer]: Keeping entity moremobss:goat that already exists with UUID 837bce8b-de78-47fc-b46c-86752f936b0a
[00:17:05] [Server thread/WARN] [net.minecraft.world.WorldServer]: Keeping entity moremobss:goat that already exists with UUID 837bce8b-de78-47fc-b46c-86752f936b0a
[00:17:13] [Server thread/INFO] [net.minecraft.server.dedicated.DedicatedServer]: Air_Darkblack fell from a high place
[00:17:14] [Server thread/INFO] [ebwizardry]: Sending global donation perk settings to Air_Darkblack
[00:17:22] [Server thread/WARN] [net.minecraft.world.WorldServer]: Keeping entity moremobss:goat that already exists with UUID 837bce8b-de78-47fc-b46c-86752f936b0a
[00:17:33] [Server thread/WARN] [net.minecraft.world.WorldServer]: Keeping entity moremobss:goat that already exists with UUID 837bce8b-de78-47fc-b46c-86752f936b0a
[00:18:10] [Server thread/WARN] [net.minecraft.world.WorldServer]: Keeping entity moremobss:goat that already exists with UUID 837bce8b-de78-47fc-b46c-86752f936b0a
[00:18:16] [Server thread/WARN] [net.minecraft.world.WorldServer]: Keeping entity moremobss:goat that already exists with UUID 837bce8b-de78-47fc-b46c-86752f936b0a
[00:18:49] [Server thread/WARN] [net.minecraft.world.WorldServer]: Keeping entity moremobss:goat that already exists with UUID 837bce8b-de78-47fc-b46c-86752f936b0a
[00:18:59] [Server thread/WARN] [net.minecraft.world.WorldServer]: Keeping entity moremobss:goat that already exists with UUID 837bce8b-de78-47fc-b46c-86752f936b0a
[00:19:01] [Server thread/INFO] [net.minecraft.server.dedicated.DedicatedServer]: Air_Darkblack fell from a high place
[00:19:02] [Server thread/INFO] [ebwizardry]: Sending global donation perk settings to Air_Darkblack
[00:19:14] [Server thread/WARN] [net.minecraft.world.WorldServer]: Keeping entity moremobss:goat that already exists with UUID 837bce8b-de78-47fc-b46c-86752f936b0a
[00:19:21] [Server thread/INFO] [net.minecraft.server.dedicated.DedicatedServer]: Torikororu fell from a high place
[00:19:22] [Server thread/INFO] [ebwizardry]: Sending global donation perk settings to Torikororu
[00:19:30] [Server thread/WARN] [net.minecraft.world.WorldServer]: Keeping entity moremobss:goat that already exists with UUID 837bce8b-de78-47fc-b46c-86752f936b0a
[00:19:51] [Server thread/INFO] [net.minecraft.server.dedicated.DedicatedServer]: Air_Darkblack fell from a high place
[00:19:52] [Server thread/INFO] [ebwizardry]: Sending global donation perk settings to Air_Darkblack
[00:20:13] [Server thread/INFO] [net.minecraft.server.dedicated.DedicatedServer]: Torikororu fell from a high place
[00:20:15] [Server thread/INFO] [ebwizardry]: Sending global donation perk settings to Torikororu
[00:20:35] [Server thread/INFO] [net.minecraft.server.dedicated.DedicatedServer]: Torikororu fell from a high place
[00:20:36] [Server thread/INFO] [ebwizardry]: Sending global donation perk settings to Torikororu
[00:20:54] [Server thread/INFO] [net.minecraft.server.dedicated.DedicatedServer]: Air_Darkblack fell from a high place
[00:20:55] [Server thread/INFO] [ebwizardry]: Sending global donation perk settings to Air_Darkblack
[00:21:15] [Server thread/INFO] [net.minecraft.server.dedicated.DedicatedServer]: Air_Darkblack fell from a high place
[00:21:17] [Server thread/INFO] [ebwizardry]: Sending global donation perk settings to Air_Darkblack
[00:21:37] [Server thread/WARN] [net.minecraft.world.WorldServer]: Keeping entity moremobss:goat that already exists with UUID 837bce8b-de78-47fc-b46c-86752f936b0a
[00:22:02] [Server thread/INFO] [net.minecraft.server.dedicated.DedicatedServer]: Torikororu fell from a high place
[00:22:04] [Server thread/WARN] [net.minecraft.world.WorldServer]: Keeping entity moremobss:goat that already exists with UUID 837bce8b-de78-47fc-b46c-86752f936b0a
[00:22:04] [Server thread/INFO] [ebwizardry]: Sending global donation perk settings to Torikororu
[00:22:21] [Server thread/INFO] [net.minecraft.server.dedicated.DedicatedServer]: Air_Darkblack fell from a high place
[00:22:22] [Server thread/INFO] [ebwizardry]: Sending global donation perk settings to Air_Darkblack
[00:22:46] [Server thread/INFO] [net.minecraft.server.dedicated.DedicatedServer]: Air_Darkblack fell from a high place
[00:22:47] [Server thread/INFO] [ebwizardry]: Sending global donation perk settings to Air_Darkblack
[00:23:03] [Server thread/INFO] [net.minecraft.server.dedicated.DedicatedServer]: Air_Darkblack fell from a high place
[00:23:04] [Server thread/INFO] [ebwizardry]: Sending global donation perk settings to Air_Darkblack
[00:23:25] [Server thread/WARN] [net.minecraft.world.WorldServer]: Keeping entity moremobss:goat that already exists with UUID 837bce8b-de78-47fc-b46c-86752f936b0a
[00:23:36] [Server thread/INFO] [net.minecraft.server.dedicated.DedicatedServer]: Torikororu fell from a high place
[00:23:37] [Server thread/INFO] [ebwizardry]: Sending global donation perk settings to Torikororu
[00:24:00] [Server thread/INFO] [net.minecraft.server.dedicated.DedicatedServer]: Air_Darkblack fell from a high place
[00:24:02] [Server thread/INFO] [ebwizardry]: Sending global donation perk settings to Air_Darkblack
[00:24:29] [Server thread/INFO] [net.minecraft.server.dedicated.DedicatedServer]: Air_Darkblack fell from a high place
[00:24:30] [Server thread/INFO] [ebwizardry]: Sending global donation perk settings to Air_Darkblack
[00:25:22] [Server thread/INFO] [net.minecraft.server.dedicated.DedicatedServer]: Torikororu fell from a high place
[00:25:23] [Server thread/INFO] [ebwizardry]: Sending global donation perk settings to Torikororu
[00:25:34] [Server thread/INFO] [net.minecraft.server.dedicated.DedicatedServer]: Air_Darkblack fell from a high place
[00:25:36] [Server thread/INFO] [ebwizardry]: Sending global donation perk settings to Air_Darkblack
[00:25:46] [Server thread/INFO] [net.minecraft.server.dedicated.DedicatedServer]: Air_Darkblack fell from a high place
[00:25:47] [Server thread/INFO] [ebwizardry]: Sending global donation perk settings to Air_Darkblack
[00:25:52] [Server thread/WARN] [net.minecraft.world.WorldServer]: Keeping entity moremobss:goat that already exists with UUID 837bce8b-de78-47fc-b46c-86752f936b0a
[00:29:35] [Server thread/INFO] [net.minecraft.server.dedicated.DedicatedServer]: [Air_Darkblack: Teleported Air_Darkblack to Torikororu]
[00:36:12] [Server thread/WARN] [net.minecraft.world.WorldServer]: Keeping entity moremobss:goat that already exists with UUID 837bce8b-de78-47fc-b46c-86752f936b0a
[00:36:22] [Server thread/INFO] [net.minecraft.server.dedicated.DedicatedServer]: [Air_Darkblack: Teleported Air_Darkblack to Torikororu]
[00:38:29] [Server thread/INFO] [net.minecraft.server.dedicated.DedicatedServer]: [Air_Darkblack: Teleported Air_Darkblack to Torikororu]
[00:39:02] [Server thread/INFO] [net.minecraft.network.NetHandlerPlayServer]: Torikororu lost connection: Disconnected
[00:39:02] [Server thread/INFO] [net.minecraft.server.dedicated.DedicatedServer]: Torikororu left the game
[00:57:20] [Server thread/INFO] [ebwizardry]: Synchronising advancements for Air_Darkblack
[00:57:20] [Server thread/INFO] [ebwizardry]: Synchronising advancements for Air_Darkblack
[01:03:47] [Server thread/WARN] [net.minecraft.world.WorldServer]: Keeping entity moremobss:goat that already exists with UUID 837bce8b-de78-47fc-b46c-86752f936b0a
[01:03:58] [Server thread/INFO] [ebwizardry]: Synchronising advancements for Air_Darkblack
[01:03:58] [Server thread/INFO] [ebwizardry]: Synchronising advancements for Air_Darkblack
[01:07:25] [Server thread/INFO] [net.minecraft.server.dedicated.DedicatedServer]: Air_Darkblack has made the advancement [Enchanter]
[01:07:25] [Server thread/INFO] [ebwizardry]: Synchronising advancements for Air_Darkblack
[01:15:09] [Server thread/INFO] [net.minecraft.server.dedicated.DedicatedServer]: Air_Darkblack has made the advancement [Sea of Monsters]
[01:15:09] [Server thread/INFO] [ebwizardry]: Synchronising advancements for Air_Darkblack
[01:28:48] [Server thread/WARN] [net.minecraft.world.WorldServer]: Keeping entity moremobss:goat that already exists with UUID 837bce8b-de78-47fc-b46c-86752f936b0a
[01:33:29] [Server thread/INFO] [ebwizardry]: Synchronising advancements for Air_Darkblack
[01:34:38] [Server thread/WARN] [net.minecraft.world.WorldServer]: Keeping entity moremobss:goat that already exists with UUID 837bce8b-de78-47fc-b46c-86752f936b0a
[01:35:04] [Server thread/INFO] [net.minecraft.network.NetHandlerPlayServer]: Air_Darkblack lost connection: Disconnected
[01:35:04] [Server thread/INFO] [net.minecraft.server.dedicated.DedicatedServer]: Air_Darkblack left the game
[14:05:37] [Server thread/ERROR] [net.minecraft.server.MinecraftServer]: Encountered an unexpected exception
net.minecraft.util.ReportedException: Ticking entity
	at net.minecraft.server.MinecraftServer.func_71190_q(MinecraftServer.java:773) ~[MinecraftServer.class:?]
	at net.minecraft.server.dedicated.DedicatedServer.func_71190_q(DedicatedServer.java:397) ~[nz.class:?]
	at net.minecraft.server.MinecraftServer.func_71217_p(MinecraftServer.java:668) ~[MinecraftServer.class:?]
	at net.minecraft.server.MinecraftServer.run(MinecraftServer.java:526) [MinecraftServer.class:?]
	at java.lang.Thread.run(Thread.java:748) [?:1.8.0_282]
Caused by: java.lang.ArrayIndexOutOfBoundsException: -1434547224
	at net.minecraft.world.chunk.Chunk.func_177414_a(Chunk.java:896) ~[axw.class:?]
	at net.minecraft.world.World.func_175674_a(World.java:3028) ~[amu.class:?]
	at net.minecraft.entity.EntityLivingBase.func_85033_bc(EntityLivingBase.java:2439) ~[vp.class:?]
	at net.minecraft.entity.EntityLivingBase.func_70636_d(EntityLivingBase.java:2396) ~[vp.class:?]
	at net.minecraft.entity.EntityLiving.func_70636_d(EntityLiving.java:577) ~[vq.class:?]
	at net.minecraft.entity.monster.EntityMob.func_70636_d(EntityMob.java:45) ~[ade.class:?]
	at net.minecraft.entity.monster.EntityZombie.func_70636_d(EntityZombie.java:223) ~[adt.class:?]
	at net.minecraft.entity.EntityLivingBase.func_70071_h_(EntityLivingBase.java:2179) ~[vp.class:?]
	at net.minecraft.entity.EntityLiving.func_70071_h_(EntityLiving.java:295) ~[vq.class:?]
	at net.minecraft.entity.monster.EntityMob.func_70071_h_(EntityMob.java:50) ~[ade.class:?]
	at net.minecraft.world.World.func_72866_a(World.java:1996) ~[amu.class:?]
	at net.minecraft.world.WorldServer.func_72866_a(WorldServer.java:832) ~[oo.class:?]
	at net.minecraft.world.World.func_72870_g(World.java:1958) ~[amu.class:?]
	at net.minecraft.world.World.func_72939_s(World.java:1762) ~[amu.class:?]
	at net.minecraft.world.WorldServer.func_72939_s(WorldServer.java:613) ~[oo.class:?]
	at net.minecraft.server.MinecraftServer.func_71190_q(MinecraftServer.java:767) ~[MinecraftServer.class:?]
	... 4 more
[14:05:37] [Server thread/ERROR] [net.minecraft.server.MinecraftServer]: This crash report has been saved to: /home/owner/mods_minecraft/./crash-reports/crash-2021-03-26_14.05.37-server.txt
[14:05:37] [Server thread/INFO] [net.minecraft.server.MinecraftServer]: Stopping server
[14:05:37] [Server thread/INFO] [net.minecraft.server.MinecraftServer]: Saving players
[14:05:37] [Server thread/INFO] [net.minecraft.server.MinecraftServer]: Saving worlds
[14:05:37] [Server thread/INFO] [net.minecraft.server.MinecraftServer]: Saving chunks for level 'world'/overworld
[14:05:37] [Server thread/INFO] [FML]: Unloading dimension 0
[14:05:37] [Server thread/INFO] [FML]: The state engine was in incorrect state SERVER_STOPPING and forced into state SERVER_STOPPED. Errors may have been discarded.
[14:05:37] [Server Shutdown Thread/INFO] [net.minecraft.server.MinecraftServer]: Stopping server
[14:05:37] [Server Shutdown Thread/INFO] [net.minecraft.server.MinecraftServer]: Saving players
[14:05:37] [Server Shutdown Thread/INFO] [net.minecraft.server.MinecraftServer]: Saving worlds
